c:\users\leo\documents\visual studio 2013\projects\shorttermanalysisforagile\shorttermanalysisforagile\debug\vc120.pdb
c:\users\leo\documents\visual studio 2013\projects\shorttermanalysisforagile\shorttermanalysisforagile\debug\vc120.idb
c:\users\leo\documents\visual studio 2013\projects\shorttermanalysisforagile\shorttermanalysisforagile\debug\computepixelsmean.obj
c:\users\leo\documents\visual studio 2013\projects\shorttermanalysisforagile\shorttermanalysisforagile\debug\folderhandler.obj
c:\users\leo\documents\visual studio 2013\projects\shorttermanalysisforagile\shorttermanalysisforagile\debug\thresholding.obj
c:\users\leo\documents\visual studio 2013\projects\shorttermanalysisforagile\shorttermanalysisforagile\debug\fitstocvmatconverter.obj
c:\users\leo\documents\visual studio 2013\projects\shorttermanalysisforagile\shorttermanalysisforagile\debug\main.obj
c:\users\leo\documents\visual studio 2013\projects\shorttermanalysisforagile\shorttermanalysisforagile\debug\gammaraydetector.obj
c:\users\leo\documents\visual studio 2013\projects\shorttermanalysisforagile\shorttermanalysisforagile\debug\pixelsmeanevaluator.obj
c:\users\leo\documents\visual studio 2013\projects\shorttermanalysisforagile\shorttermanalysisforagile\debug\thresholder.obj
c:\users\leo\documents\visual studio 2013\projects\shorttermanalysisforagile\debug\shorttermanalysisforagile.pdb
c:\users\leo\documents\visual studio 2013\projects\shorttermanalysisforagile\shorttermanalysisforagile\debug\shortter.064e28ac.tlog\cl.command.1.tlog
c:\users\leo\documents\visual studio 2013\projects\shorttermanalysisforagile\shorttermanalysisforagile\debug\shortter.064e28ac.tlog\cl.read.1.tlog
c:\users\leo\documents\visual studio 2013\projects\shorttermanalysisforagile\shorttermanalysisforagile\debug\shortter.064e28ac.tlog\cl.write.1.tlog
c:\users\leo\documents\visual studio 2013\projects\shorttermanalysisforagile\shorttermanalysisforagile\debug\shortter.064e28ac.tlog\link-cvtres.read.1.tlog
c:\users\leo\documents\visual studio 2013\projects\shorttermanalysisforagile\shorttermanalysisforagile\debug\shortter.064e28ac.tlog\link-cvtres.write.1.tlog
c:\users\leo\documents\visual studio 2013\projects\shorttermanalysisforagile\shorttermanalysisforagile\debug\shortter.064e28ac.tlog\link-rc.read.1.tlog
c:\users\leo\documents\visual studio 2013\projects\shorttermanalysisforagile\shorttermanalysisforagile\debug\shortter.064e28ac.tlog\link-rc.write.1.tlog
c:\users\leo\documents\visual studio 2013\projects\shorttermanalysisforagile\shorttermanalysisforagile\debug\shortter.064e28ac.tlog\link.command.1.tlog
c:\users\leo\documents\visual studio 2013\projects\shorttermanalysisforagile\shorttermanalysisforagile\debug\shortter.064e28ac.tlog\link.read.1.tlog
c:\users\leo\documents\visual studio 2013\projects\shorttermanalysisforagile\shorttermanalysisforagile\debug\shortter.064e28ac.tlog\link.write.1.tlog
